/home/hdd2/pengyt/softwares/miniconda/envs/gt/lib/python3.10/site-packages/torch/cuda/__init__.py:51: FutureWarning: The pynvml package is deprecated. Please install nvidia-ml-py instead. If you did not install pynvml directly, please report this to the maintainers of the package that installed pynvml for you.
  import pynvml  # type: ignore[import]
[2026-04-17 13:26:20,305] torch.distributed.run: [WARNING] 
[2026-04-17 13:26:20,305] torch.distributed.run: [WARNING] *****************************************
[2026-04-17 13:26:20,305] torch.distributed.run: [WARNING] Setting OMP_NUM_THREADS environment variable for each process to be 1 in default, to avoid your system being overloaded, please further tune the variable for optimal performance in your application as needed. 
[2026-04-17 13:26:20,305] torch.distributed.run: [WARNING] *****************************************
/home/hdd2/pengyt/softwares/miniconda/envs/gt/lib/python3.10/site-packages/torch/cuda/__init__.py:51: FutureWarning: The pynvml package is deprecated. Please install nvidia-ml-py instead. If you did not install pynvml directly, please report this to the maintainers of the package that installed pynvml for you.
  import pynvml  # type: ignore[import]
/home/hdd2/pengyt/softwares/miniconda/envs/gt/lib/python3.10/site-packages/torch/cuda/__init__.py:51: FutureWarning: The pynvml package is deprecated. Please install nvidia-ml-py instead. If you did not install pynvml directly, please report this to the maintainers of the package that installed pynvml for you.
  import pynvml  # type: ignore[import]
/home/hdd2/pengyt/softwares/miniconda/envs/gt/lib/python3.10/site-packages/torch/cuda/__init__.py:51: FutureWarning: The pynvml package is deprecated. Please install nvidia-ml-py instead. If you did not install pynvml directly, please report this to the maintainers of the package that installed pynvml for you.
  import pynvml  # type: ignore[import]
/home/hdd2/pengyt/softwares/miniconda/envs/gt/lib/python3.10/site-packages/torch/cuda/__init__.py:51: FutureWarning: The pynvml package is deprecated. Please install nvidia-ml-py instead. If you did not install pynvml directly, please report this to the maintainers of the package that installed pynvml for you.
  import pynvml  # type: ignore[import]
> initializing torch distributed ...
************ Finish sequence parallel group Initialization. ***********
feature shape torch.Size([2449029, 100])
y shape torch.Size([2449029])
edge_index shape torch.Size([2, 123718280])
feature shape torch.Size([2449029, 100])
y shape torch.Size([2449029])
edge_index shape torch.Size([2, 123718280])
feature shape torch.Size([2449029, 100])
y shape torch.Size([2449029])
edge_index shape torch.Size([2, 123718280])
feature shape torch.Size([2449029, 100])
y shape torch.Size([2449029])
edge_index shape torch.Size([2, 123718280])
Namespace(device=0, dataset_dir='./dataset/', dataset='ogbn-products', model='graphormer', n_layers=4, num_heads=8, hidden_dim=64, ffn_dim=64, attn_bias_dim=1, dropout_rate=0.3, input_dropout_rate=0.1, attention_dropout_rate=0.5, num_global_node=1, attn_type='sparse', seq_len=256000, weight_decay=0.01, warmup_updates=10, tot_updates=70, epochs=500, patience=50, peak_lr=0.0002, end_lr=1e-09, seed=42, perturb_feature=False, save_model=False, load_model=False, model_dir='./model_ckpt/', resume=False, resume_path='', save_latest_every=5, switch_freq=5, reorder=True, full_batch=False, rank=0, local_rank=0, world_size=4, distributed_backend='nccl', distributed_timeout_minutes=120, sequence_parallel_size=4)
Dataset load successfully
Train nodes: 1469417, Val nodes: 489806, Test nodes: 489806
Training iters: 6, Val iters: 2, Test iters: 2
Model params: 110576
------------------------------------------------------------------------------------
Epoch: 001, Loss: 3.8413, Epoch Time: 2.076s, Full Epoch Time: 142.090s, Batch Prep Time: 139.971s
------------------------------------------------------------------------------------
------------------------------------------------------------------------------------
Epoch: 002, Loss: 3.8242, Epoch Time: 1.615s, Full Epoch Time: 140.632s, Batch Prep Time: 138.975s
------------------------------------------------------------------------------------
[2026-04-17 13:31:33,978] torch.distributed.elastic.agent.server.api: [WARNING] Received Signals.SIGINT death signal, shutting down workers
[2026-04-17 13:31:33,978] torch.distributed.elastic.multiprocessing.api: [WARNING] Sending process 2921486 closing signal SIGINT
[2026-04-17 13:31:33,978] torch.distributed.elastic.multiprocessing.api: [WARNING] Sending process 2921487 closing signal SIGINT
[2026-04-17 13:31:33,978] torch.distributed.elastic.multiprocessing.api: [WARNING] Sending process 2921488 closing signal SIGINT
[2026-04-17 13:31:33,978] torch.distributed.elastic.multiprocessing.api: [WARNING] Sending process 2921489 closing signal SIGINT
Traceback (most recent call last):
  File "/home/hdd2/pengyt/project/yangmy/torchgt_npu/Baseline/main_sp_node_level.py", line 530, in <module>
    main()
  File "/home/hdd2/pengyt/project/yangmy/torchgt_npu/Baseline/main_sp_node_level.py", line 338, in main
    packed_data = get_batch_reorder_blockize(args, feature, y, idx_i.to("cpu"), sub_split_seq_lens, device, edge_index, N, k=8, block_size=16, beta_coeffi=beta_coeffi_list[beta_idx])
  File "/home/hdd2/pengyt/project/yangmy/torchgt_npu/Baseline/gt_sp/utils.py", line 521, in get_batch_reorder_blockize
    edge_index_i = adjust_edge_index_nomerge(edge_index_i, sub_seq_length)
KeyboardInterrupt
Traceback (most recent call last):
  File "/home/hdd2/pengyt/project/yangmy/torchgt_npu/Baseline/main_sp_node_level.py", line 530, in <module>
    main()
  File "/home/hdd2/pengyt/project/yangmy/torchgt_npu/Baseline/main_sp_node_level.py", line 338, in main
    packed_data = get_batch_reorder_blockize(args, feature, y, idx_i.to("cpu"), sub_split_seq_lens, device, edge_index, N, k=8, block_size=16, beta_coeffi=beta_coeffi_list[beta_idx])
  File "/home/hdd2/pengyt/project/yangmy/torchgt_npu/Baseline/gt_sp/utils.py", line 521, in get_batch_reorder_blockize
    edge_index_i = adjust_edge_index_nomerge(edge_index_i, sub_seq_length)
KeyboardInterrupt
Traceback (most recent call last):
  File "/home/hdd2/pengyt/project/yangmy/torchgt_npu/Baseline/main_sp_node_level.py", line 530, in <module>
    main()
  File "/home/hdd2/pengyt/project/yangmy/torchgt_npu/Baseline/main_sp_node_level.py", line 338, in main
    packed_data = get_batch_reorder_blockize(args, feature, y, idx_i.to("cpu"), sub_split_seq_lens, device, edge_index, N, k=8, block_size=16, beta_coeffi=beta_coeffi_list[beta_idx])
  File "/home/hdd2/pengyt/project/yangmy/torchgt_npu/Baseline/gt_sp/utils.py", line 521, in get_batch_reorder_blockize
    edge_index_i = adjust_edge_index_nomerge(edge_index_i, sub_seq_length)
KeyboardInterrupt
[2026-04-17 13:31:34,149] torch.distributed.elastic.multiprocessing.api: [WARNING] Sending process 2921486 closing signal SIGTERM
[2026-04-17 13:31:34,149] torch.distributed.elastic.multiprocessing.api: [WARNING] Sending process 2921487 closing signal SIGTERM
[2026-04-17 13:31:34,150] torch.distributed.elastic.multiprocessing.api: [WARNING] Sending process 2921488 closing signal SIGTERM
[2026-04-17 13:31:34,150] torch.distributed.elastic.multiprocessing.api: [WARNING] Sending process 2921489 closing signal SIGTERM
Traceback (most recent call last):
  File "/home/hdd2/pengyt/softwares/miniconda/envs/gt/lib/python3.10/site-packages/torch/distributed/elastic/agent/server/api.py", line 736, in run
    result = self._invoke_run(role)
  File "/home/hdd2/pengyt/softwares/miniconda/envs/gt/lib/python3.10/site-packages/torch/distributed/elastic/agent/server/api.py", line 877, in _invoke_run
    time.sleep(monitor_interval)
  File "/home/hdd2/pengyt/softwares/miniconda/envs/gt/lib/python3.10/site-packages/torch/distributed/elastic/multiprocessing/api.py", line 62, in _terminate_process_handler
    raise SignalException(f"Process {os.getpid()} got signal: {sigval}", sigval=sigval)
torch.distributed.elastic.multiprocessing.api.SignalException: Process 2921403 got signal: 2

During handling of the above exception, another exception occurred:

Traceback (most recent call last):
  File "/home/hdd2/pengyt/softwares/miniconda/envs/gt/lib/python3.10/site-packages/torch/distributed/elastic/agent/server/api.py", line 743, in run
    self._shutdown(e.sigval)
  File "/home/hdd2/pengyt/softwares/miniconda/envs/gt/lib/python3.10/site-packages/torch/distributed/elastic/agent/server/local_elastic_agent.py", line 289, in _shutdown
    self._pcontext.close(death_sig)
  File "/home/hdd2/pengyt/softwares/miniconda/envs/gt/lib/python3.10/site-packages/torch/distributed/elastic/multiprocessing/api.py", line 331, in close
    self._close(death_sig=death_sig, timeout=timeout)
  File "/home/hdd2/pengyt/softwares/miniconda/envs/gt/lib/python3.10/site-packages/torch/distributed/elastic/multiprocessing/api.py", line 713, in _close
    handler.proc.wait(time_to_wait)
  File "/home/hdd2/pengyt/softwares/miniconda/envs/gt/lib/python3.10/subprocess.py", line 1209, in wait
    return self._wait(timeout=timeout)
  File "/home/hdd2/pengyt/softwares/miniconda/envs/gt/lib/python3.10/subprocess.py", line 1953, in _wait
    time.sleep(delay)
  File "/home/hdd2/pengyt/softwares/miniconda/envs/gt/lib/python3.10/site-packages/torch/distributed/elastic/multiprocessing/api.py", line 62, in _terminate_process_handler
    raise SignalException(f"Process {os.getpid()} got signal: {sigval}", sigval=sigval)
torch.distributed.elastic.multiprocessing.api.SignalException: Process 2921403 got signal: 2

During handling of the above exception, another exception occurred:

Traceback (most recent call last):
  File "/home/hdd2/pengyt/softwares/miniconda/envs/gt/bin/torchrun", line 33, in <module>
    sys.exit(load_entry_point('torch==2.1.2', 'console_scripts', 'torchrun')())
  File "/home/hdd2/pengyt/softwares/miniconda/envs/gt/lib/python3.10/site-packages/torch/distributed/elastic/multiprocessing/errors/__init__.py", line 346, in wrapper
    return f(*args, **kwargs)
  File "/home/hdd2/pengyt/softwares/miniconda/envs/gt/lib/python3.10/site-packages/torch/distributed/run.py", line 806, in main
    run(args)
  File "/home/hdd2/pengyt/softwares/miniconda/envs/gt/lib/python3.10/site-packages/torch/distributed/run.py", line 797, in run
    elastic_launch(
  File "/home/hdd2/pengyt/softwares/miniconda/envs/gt/lib/python3.10/site-packages/torch/distributed/launcher/api.py", line 134, in __call__
    return launch_agent(self._config, self._entrypoint, list(args))
  File "/home/hdd2/pengyt/softwares/miniconda/envs/gt/lib/python3.10/site-packages/torch/distributed/launcher/api.py", line 255, in launch_agent
    result = agent.run()
  File "/home/hdd2/pengyt/softwares/miniconda/envs/gt/lib/python3.10/site-packages/torch/distributed/elastic/metrics/api.py", line 124, in wrapper
    result = f(*args, **kwargs)
  File "/home/hdd2/pengyt/softwares/miniconda/envs/gt/lib/python3.10/site-packages/torch/distributed/elastic/agent/server/api.py", line 748, in run
    self._shutdown()
  File "/home/hdd2/pengyt/softwares/miniconda/envs/gt/lib/python3.10/site-packages/torch/distributed/elastic/agent/server/local_elastic_agent.py", line 289, in _shutdown
    self._pcontext.close(death_sig)
  File "/home/hdd2/pengyt/softwares/miniconda/envs/gt/lib/python3.10/site-packages/torch/distributed/elastic/multiprocessing/api.py", line 331, in close
    self._close(death_sig=death_sig, timeout=timeout)
  File "/home/hdd2/pengyt/softwares/miniconda/envs/gt/lib/python3.10/site-packages/torch/distributed/elastic/multiprocessing/api.py", line 713, in _close
    handler.proc.wait(time_to_wait)
  File "/home/hdd2/pengyt/softwares/miniconda/envs/gt/lib/python3.10/subprocess.py", line 1209, in wait
    return self._wait(timeout=timeout)
  File "/home/hdd2/pengyt/softwares/miniconda/envs/gt/lib/python3.10/subprocess.py", line 1953, in _wait
    time.sleep(delay)
  File "/home/hdd2/pengyt/softwares/miniconda/envs/gt/lib/python3.10/site-packages/torch/distributed/elastic/multiprocessing/api.py", line 62, in _terminate_process_handler
    raise SignalException(f"Process {os.getpid()} got signal: {sigval}", sigval=sigval)
torch.distributed.elastic.multiprocessing.api.SignalException: Process 2921403 got signal: 2
