/home/hdd2/pengyt/softwares/miniconda/envs/gt/lib/python3.10/site-packages/torch/cuda/__init__.py:51: FutureWarning: The pynvml package is deprecated. Please install nvidia-ml-py instead. If you did not install pynvml directly, please report this to the maintainers of the package that installed pynvml for you.
  import pynvml  # type: ignore[import]
[2026-04-17 13:45:25,470] torch.distributed.run: [WARNING] 
[2026-04-17 13:45:25,470] torch.distributed.run: [WARNING] *****************************************
[2026-04-17 13:45:25,470] torch.distributed.run: [WARNING] Setting OMP_NUM_THREADS environment variable for each process to be 1 in default, to avoid your system being overloaded, please further tune the variable for optimal performance in your application as needed. 
[2026-04-17 13:45:25,470] torch.distributed.run: [WARNING] *****************************************
/home/hdd2/pengyt/softwares/miniconda/envs/gt/lib/python3.10/site-packages/torch/cuda/__init__.py:51: FutureWarning: The pynvml package is deprecated. Please install nvidia-ml-py instead. If you did not install pynvml directly, please report this to the maintainers of the package that installed pynvml for you.
  import pynvml  # type: ignore[import]
/home/hdd2/pengyt/softwares/miniconda/envs/gt/lib/python3.10/site-packages/torch/cuda/__init__.py:51: FutureWarning: The pynvml package is deprecated. Please install nvidia-ml-py instead. If you did not install pynvml directly, please report this to the maintainers of the package that installed pynvml for you.
  import pynvml  # type: ignore[import]
/home/hdd2/pengyt/softwares/miniconda/envs/gt/lib/python3.10/site-packages/torch/cuda/__init__.py:51: FutureWarning: The pynvml package is deprecated. Please install nvidia-ml-py instead. If you did not install pynvml directly, please report this to the maintainers of the package that installed pynvml for you.
  import pynvml  # type: ignore[import]
/home/hdd2/pengyt/softwares/miniconda/envs/gt/lib/python3.10/site-packages/torch/cuda/__init__.py:51: FutureWarning: The pynvml package is deprecated. Please install nvidia-ml-py instead. If you did not install pynvml directly, please report this to the maintainers of the package that installed pynvml for you.
  import pynvml  # type: ignore[import]
> initializing torch distributed ...
************ Finish sequence parallel group Initialization. ***********
Namespace(enable_attention_pruning=False, attention_pruning_ratio=0.1, enable_neighbor_pruning=False, neighbor_pruning_ratio=0.1, device=0, dataset_dir='./dataset/', dataset='ogbn-arxiv', model='graphormer', n_layers=4, num_heads=8, hidden_dim=64, ffn_dim=64, attn_bias_dim=1, dropout_rate=0.3, input_dropout_rate=0.1, attention_dropout_rate=0.5, num_global_node=1, attn_type='full', seq_len=256000, weight_decay=0.01, warmup_updates=10, tot_updates=70, epochs=25, patience=50, peak_lr=0.0001, end_lr=1e-09, seed=42, perturb_feature=False, save_model=False, load_model=False, model_dir='./model_ckpt/', save_checkpoint=False, checkpoint_dir='', save_checkpoint_every=1, save_latest_only=False, resume_checkpoint='', resume_latest=False, switch_freq=5, reorder=False, struct_enc='False', max_dist=5, max_num_edges=512, vis_dir=None, use_cache=0, ppr_backend='appnp', ppr_alpha=0.85, ppr_topk=5, ppr_num_iterations=10, ppr_batch_size=8192, ppr_iter_topk=5, ppr_eps=1e-06, n_parts=56, related_nodes_topk_rate=8, preprocess_only=0, use_preprocess_cache=0, refresh_preprocess_cache=0, rank=0, local_rank=0, world_size=4, distributed_backend='nccl', distributed_timeout_minutes=120, sequence_parallel_size=4)
Dataset load successfully
APPNP backend will use edge_index_csr.pt
Train nodes: 101605, Val nodes: 33869, Test nodes: 33869
Training iters: 1, Val iters: 1, Test iters: 1
Preprocess Stage 1 Time: 26.024s
Preprocess Stage 2 Time: 2.096s
Model params: 147424
------------------------------------------------------------------------------------
Epoch: 000, Loss: 3.6743, Train Time: 1.979s, CPU->GPU Time: 0.076s, Window FW/BW Avg: 0.136s, Window FW/BW Total: 1.903s, Windows: 14, Max Window Steps: 14
Training epoch time: 1.979s
------------------------------------------------------------------------------------
epoch 0: lr = 2.00e-05
++++++++++++++++++++++++++++++++++++++++++++++++++++++++++++++++++++++++++++++++++++
Epoch: 000, train_acc: 6.39881%, valid_acc: 6.48675%, test_acc: 6.49572%, samples(train/valid/test)=(140151/46726/46369)
++++++++++++++++++++++++++++++++++++++++++++++++++++++++++++++++++++++++++++++++++++
------------------------------------------------------------------------------------
Epoch: 001, Loss: 3.6425, Train Time: 1.612s, CPU->GPU Time: 0.054s, Window FW/BW Avg: 0.111s, Window FW/BW Total: 1.557s, Windows: 14, Max Window Steps: 14
Training epoch time: 1.612s
------------------------------------------------------------------------------------
------------------------------------------------------------------------------------
Epoch: 002, Loss: 3.6052, Train Time: 1.591s, CPU->GPU Time: 0.055s, Window FW/BW Avg: 0.110s, Window FW/BW Total: 1.535s, Windows: 14, Max Window Steps: 14
Training epoch time: 1.591s
------------------------------------------------------------------------------------
------------------------------------------------------------------------------------
Epoch: 003, Loss: 3.5717, Train Time: 1.593s, CPU->GPU Time: 0.055s, Window FW/BW Avg: 0.110s, Window FW/BW Total: 1.538s, Windows: 14, Max Window Steps: 14
Training epoch time: 1.593s
------------------------------------------------------------------------------------
------------------------------------------------------------------------------------
Epoch: 004, Loss: 3.5413, Train Time: 1.590s, CPU->GPU Time: 0.054s, Window FW/BW Avg: 0.110s, Window FW/BW Total: 1.535s, Windows: 14, Max Window Steps: 14
Training epoch time: 1.590s
------------------------------------------------------------------------------------
------------------------------------------------------------------------------------
Epoch: 005, Loss: 3.5082, Train Time: 1.612s, CPU->GPU Time: 0.054s, Window FW/BW Avg: 0.111s, Window FW/BW Total: 1.557s, Windows: 14, Max Window Steps: 14
Training epoch time: 1.612s
------------------------------------------------------------------------------------
------------------------------------------------------------------------------------
Epoch: 006, Loss: 3.4709, Train Time: 1.595s, CPU->GPU Time: 0.055s, Window FW/BW Avg: 0.110s, Window FW/BW Total: 1.540s, Windows: 14, Max Window Steps: 14
Training epoch time: 1.595s
------------------------------------------------------------------------------------
[2026-04-17 13:46:16,371] torch.distributed.elastic.agent.server.api: [WARNING] Received Signals.SIGINT death signal, shutting down workers
[2026-04-17 13:46:16,371] torch.distributed.elastic.multiprocessing.api: [WARNING] Sending process 3302254 closing signal SIGINT
[2026-04-17 13:46:16,371] torch.distributed.elastic.multiprocessing.api: [WARNING] Sending process 3302255 closing signal SIGINT
[2026-04-17 13:46:16,372] torch.distributed.elastic.multiprocessing.api: [WARNING] Sending process 3302256 closing signal SIGINT
[2026-04-17 13:46:16,372] torch.distributed.elastic.multiprocessing.api: [WARNING] Sending process 3302257 closing signal SIGINT
Traceback (most recent call last):
  File "/home/hdd2/pengyt/project/yangmy/torchgt_npu/NeutronGT/main_sp_node_level_ppr.py", line 262, in <module>
Traceback (most recent call last):
  File "/home/hdd2/pengyt/project/yangmy/torchgt_npu/NeutronGT/main_sp_node_level_ppr.py", line 262, in <module>
Traceback (most recent call last):
  File "/home/hdd2/pengyt/project/yangmy/torchgt_npu/NeutronGT/main_sp_node_level_ppr.py", line 262, in <module>
Traceback (most recent call last):
  File "/home/hdd2/pengyt/project/yangmy/torchgt_npu/NeutronGT/main_sp_node_level_ppr.py", line 262, in <module>
    main()
  File "/home/hdd2/pengyt/project/yangmy/torchgt_npu/NeutronGT/main_sp_node_level_ppr.py", line 196, in main
    main()
  File "/home/hdd2/pengyt/project/yangmy/torchgt_npu/NeutronGT/main_sp_node_level_ppr.py", line 196, in main
    loss_mean,scores_by_pid,updated_kv_cache,time_stats = train_epoch(args,model,local_partition_ids,local_partitions,feature,y,optimizer,lr_scheduler,seq_parallel_world_size,split_idx,device,
  File "/home/hdd2/pengyt/project/yangmy/torchgt_npu/NeutronGT/core/node_level_pipeline/train_eval.py", line 299, in train_epoch
    loss_mean,scores_by_pid,updated_kv_cache,time_stats = train_epoch(args,model,local_partition_ids,local_partitions,feature,y,optimizer,lr_scheduler,seq_parallel_world_size,split_idx,device,
  File "/home/hdd2/pengyt/project/yangmy/torchgt_npu/NeutronGT/core/node_level_pipeline/train_eval.py", line 299, in train_epoch
        main()main()
    
  File "/home/hdd2/pengyt/project/yangmy/torchgt_npu/NeutronGT/main_sp_node_level_ppr.py", line 196, in main
sync_device(device)  File "/home/hdd2/pengyt/project/yangmy/torchgt_npu/NeutronGT/main_sp_node_level_ppr.py", line 196, in main

  File "/home/hdd2/pengyt/project/yangmy/torchgt_npu/NeutronGT/core/node_level_pipeline/runtime.py", line 6, in sync_device
    sync_device(device)
  File "/home/hdd2/pengyt/project/yangmy/torchgt_npu/NeutronGT/core/node_level_pipeline/runtime.py", line 6, in sync_device
    torch.cuda.synchronize(device)
    torch.cuda.synchronize(device)  File "/home/hdd2/pengyt/softwares/miniconda/envs/gt/lib/python3.10/site-packages/torch/cuda/__init__.py", line 783, in synchronize

      File "/home/hdd2/pengyt/softwares/miniconda/envs/gt/lib/python3.10/site-packages/torch/cuda/__init__.py", line 783, in synchronize
loss_mean,scores_by_pid,updated_kv_cache,time_stats = train_epoch(args,model,local_partition_ids,local_partitions,feature,y,optimizer,lr_scheduler,seq_parallel_world_size,split_idx,device,
  File "/home/hdd2/pengyt/project/yangmy/torchgt_npu/NeutronGT/core/node_level_pipeline/train_eval.py", line 299, in train_epoch
    loss_mean,scores_by_pid,updated_kv_cache,time_stats = train_epoch(args,model,local_partition_ids,local_partitions,feature,y,optimizer,lr_scheduler,seq_parallel_world_size,split_idx,device,
  File "/home/hdd2/pengyt/project/yangmy/torchgt_npu/NeutronGT/core/node_level_pipeline/train_eval.py", line 299, in train_epoch
    sync_device(device)
  File "/home/hdd2/pengyt/project/yangmy/torchgt_npu/NeutronGT/core/node_level_pipeline/runtime.py", line 6, in sync_device
        torch.cuda.synchronize(device)sync_device(device)

      File "/home/hdd2/pengyt/project/yangmy/torchgt_npu/NeutronGT/core/node_level_pipeline/runtime.py", line 6, in sync_device
  File "/home/hdd2/pengyt/softwares/miniconda/envs/gt/lib/python3.10/site-packages/torch/cuda/__init__.py", line 783, in synchronize
return torch._C._cuda_synchronize()    
return torch._C._cuda_synchronize()
    KeyboardInterrupttorch.cuda.synchronize(device)KeyboardInterrupt


  File "/home/hdd2/pengyt/softwares/miniconda/envs/gt/lib/python3.10/site-packages/torch/cuda/__init__.py", line 783, in synchronize
    return torch._C._cuda_synchronize()
KeyboardInterrupt
    return torch._C._cuda_synchronize()
KeyboardInterrupt
[2026-04-17 13:46:16,577] torch.distributed.elastic.multiprocessing.api: [WARNING] Sending process 3302254 closing signal SIGTERM
[2026-04-17 13:46:16,577] torch.distributed.elastic.multiprocessing.api: [WARNING] Sending process 3302255 closing signal SIGTERM
[2026-04-17 13:46:16,577] torch.distributed.elastic.multiprocessing.api: [WARNING] Sending process 3302256 closing signal SIGTERM
[2026-04-17 13:46:16,577] torch.distributed.elastic.multiprocessing.api: [WARNING] Sending process 3302257 closing signal SIGTERM
Traceback (most recent call last):
  File "/home/hdd2/pengyt/softwares/miniconda/envs/gt/lib/python3.10/site-packages/torch/distributed/elastic/agent/server/api.py", line 736, in run
    result = self._invoke_run(role)
  File "/home/hdd2/pengyt/softwares/miniconda/envs/gt/lib/python3.10/site-packages/torch/distributed/elastic/agent/server/api.py", line 877, in _invoke_run
    time.sleep(monitor_interval)
  File "/home/hdd2/pengyt/softwares/miniconda/envs/gt/lib/python3.10/site-packages/torch/distributed/elastic/multiprocessing/api.py", line 62, in _terminate_process_handler
    raise SignalException(f"Process {os.getpid()} got signal: {sigval}", sigval=sigval)
torch.distributed.elastic.multiprocessing.api.SignalException: Process 3302169 got signal: 2

During handling of the above exception, another exception occurred:

Traceback (most recent call last):
  File "/home/hdd2/pengyt/softwares/miniconda/envs/gt/lib/python3.10/site-packages/torch/distributed/elastic/agent/server/api.py", line 743, in run
    self._shutdown(e.sigval)
  File "/home/hdd2/pengyt/softwares/miniconda/envs/gt/lib/python3.10/site-packages/torch/distributed/elastic/agent/server/local_elastic_agent.py", line 289, in _shutdown
    self._pcontext.close(death_sig)
  File "/home/hdd2/pengyt/softwares/miniconda/envs/gt/lib/python3.10/site-packages/torch/distributed/elastic/multiprocessing/api.py", line 331, in close
    self._close(death_sig=death_sig, timeout=timeout)
  File "/home/hdd2/pengyt/softwares/miniconda/envs/gt/lib/python3.10/site-packages/torch/distributed/elastic/multiprocessing/api.py", line 713, in _close
    handler.proc.wait(time_to_wait)
  File "/home/hdd2/pengyt/softwares/miniconda/envs/gt/lib/python3.10/subprocess.py", line 1209, in wait
    return self._wait(timeout=timeout)
  File "/home/hdd2/pengyt/softwares/miniconda/envs/gt/lib/python3.10/subprocess.py", line 1953, in _wait
    time.sleep(delay)
  File "/home/hdd2/pengyt/softwares/miniconda/envs/gt/lib/python3.10/site-packages/torch/distributed/elastic/multiprocessing/api.py", line 62, in _terminate_process_handler
    raise SignalException(f"Process {os.getpid()} got signal: {sigval}", sigval=sigval)
torch.distributed.elastic.multiprocessing.api.SignalException: Process 3302169 got signal: 2

During handling of the above exception, another exception occurred:

Traceback (most recent call last):
  File "/home/hdd2/pengyt/softwares/miniconda/envs/gt/bin/torchrun", line 33, in <module>
    sys.exit(load_entry_point('torch==2.1.2', 'console_scripts', 'torchrun')())
  File "/home/hdd2/pengyt/softwares/miniconda/envs/gt/lib/python3.10/site-packages/torch/distributed/elastic/multiprocessing/errors/__init__.py", line 346, in wrapper
    return f(*args, **kwargs)
  File "/home/hdd2/pengyt/softwares/miniconda/envs/gt/lib/python3.10/site-packages/torch/distributed/run.py", line 806, in main
    run(args)
  File "/home/hdd2/pengyt/softwares/miniconda/envs/gt/lib/python3.10/site-packages/torch/distributed/run.py", line 797, in run
    elastic_launch(
  File "/home/hdd2/pengyt/softwares/miniconda/envs/gt/lib/python3.10/site-packages/torch/distributed/launcher/api.py", line 134, in __call__
    return launch_agent(self._config, self._entrypoint, list(args))
  File "/home/hdd2/pengyt/softwares/miniconda/envs/gt/lib/python3.10/site-packages/torch/distributed/launcher/api.py", line 255, in launch_agent
    result = agent.run()
  File "/home/hdd2/pengyt/softwares/miniconda/envs/gt/lib/python3.10/site-packages/torch/distributed/elastic/metrics/api.py", line 124, in wrapper
    result = f(*args, **kwargs)
  File "/home/hdd2/pengyt/softwares/miniconda/envs/gt/lib/python3.10/site-packages/torch/distributed/elastic/agent/server/api.py", line 748, in run
    self._shutdown()
  File "/home/hdd2/pengyt/softwares/miniconda/envs/gt/lib/python3.10/site-packages/torch/distributed/elastic/agent/server/local_elastic_agent.py", line 289, in _shutdown
    self._pcontext.close(death_sig)
  File "/home/hdd2/pengyt/softwares/miniconda/envs/gt/lib/python3.10/site-packages/torch/distributed/elastic/multiprocessing/api.py", line 331, in close
    self._close(death_sig=death_sig, timeout=timeout)
  File "/home/hdd2/pengyt/softwares/miniconda/envs/gt/lib/python3.10/site-packages/torch/distributed/elastic/multiprocessing/api.py", line 713, in _close
    handler.proc.wait(time_to_wait)
  File "/home/hdd2/pengyt/softwares/miniconda/envs/gt/lib/python3.10/subprocess.py", line 1209, in wait
    return self._wait(timeout=timeout)
  File "/home/hdd2/pengyt/softwares/miniconda/envs/gt/lib/python3.10/subprocess.py", line 1953, in _wait
    time.sleep(delay)
  File "/home/hdd2/pengyt/softwares/miniconda/envs/gt/lib/python3.10/site-packages/torch/distributed/elastic/multiprocessing/api.py", line 62, in _terminate_process_handler
    raise SignalException(f"Process {os.getpid()} got signal: {sigval}", sigval=sigval)
torch.distributed.elastic.multiprocessing.api.SignalException: Process 3302169 got signal: 2
