/home/hdd2/pengyt/softwares/miniconda/envs/gt/lib/python3.10/site-packages/torch/cuda/__init__.py:51: FutureWarning: The pynvml package is deprecated. Please install nvidia-ml-py instead. If you did not install pynvml directly, please report this to the maintainers of the package that installed pynvml for you.
  import pynvml  # type: ignore[import]
[2026-04-17 14:05:17,966] torch.distributed.run: [WARNING] 
[2026-04-17 14:05:17,966] torch.distributed.run: [WARNING] *****************************************
[2026-04-17 14:05:17,966] torch.distributed.run: [WARNING] Setting OMP_NUM_THREADS environment variable for each process to be 1 in default, to avoid your system being overloaded, please further tune the variable for optimal performance in your application as needed. 
[2026-04-17 14:05:17,966] torch.distributed.run: [WARNING] *****************************************
/home/hdd2/pengyt/softwares/miniconda/envs/gt/lib/python3.10/site-packages/torch/cuda/__init__.py:51: FutureWarning: The pynvml package is deprecated. Please install nvidia-ml-py instead. If you did not install pynvml directly, please report this to the maintainers of the package that installed pynvml for you.
  import pynvml  # type: ignore[import]
/home/hdd2/pengyt/softwares/miniconda/envs/gt/lib/python3.10/site-packages/torch/cuda/__init__.py:51: FutureWarning: The pynvml package is deprecated. Please install nvidia-ml-py instead. If you did not install pynvml directly, please report this to the maintainers of the package that installed pynvml for you.
  import pynvml  # type: ignore[import]
/home/hdd2/pengyt/softwares/miniconda/envs/gt/lib/python3.10/site-packages/torch/cuda/__init__.py:51: FutureWarning: The pynvml package is deprecated. Please install nvidia-ml-py instead. If you did not install pynvml directly, please report this to the maintainers of the package that installed pynvml for you.
  import pynvml  # type: ignore[import]
/home/hdd2/pengyt/softwares/miniconda/envs/gt/lib/python3.10/site-packages/torch/cuda/__init__.py:51: FutureWarning: The pynvml package is deprecated. Please install nvidia-ml-py instead. If you did not install pynvml directly, please report this to the maintainers of the package that installed pynvml for you.
  import pynvml  # type: ignore[import]
> initializing torch distributed ...
************ Finish sequence parallel group Initialization. ***********
Namespace(enable_attention_pruning=False, attention_pruning_ratio=0.1, enable_neighbor_pruning=False, neighbor_pruning_ratio=0.1, device=0, dataset_dir='./dataset/', dataset='ogbn-arxiv', model='graphormer', n_layers=12, num_heads=32, hidden_dim=768, ffn_dim=768, attn_bias_dim=1, dropout_rate=0.3, input_dropout_rate=0.1, attention_dropout_rate=0.5, num_global_node=1, attn_type='sparse', seq_len=256000, weight_decay=0.01, warmup_updates=10, tot_updates=70, epochs=200, patience=50, peak_lr=0.0001, end_lr=1e-09, seed=42, perturb_feature=False, save_model=False, load_model=False, model_dir='./model_ckpt/', save_checkpoint=False, checkpoint_dir='', save_checkpoint_every=1, save_latest_only=False, resume_checkpoint='', resume_latest=False, switch_freq=5, reorder=False, struct_enc='False', max_dist=5, max_num_edges=512, vis_dir=None, use_cache=1, ppr_backend='appnp', ppr_alpha=0.85, ppr_topk=5, ppr_num_iterations=10, ppr_batch_size=8192, ppr_iter_topk=5, ppr_eps=1e-06, n_parts=32, related_nodes_topk_rate=8, preprocess_only=0, use_preprocess_cache=0, refresh_preprocess_cache=0, rank=0, local_rank=0, world_size=4, distributed_backend='nccl', distributed_timeout_minutes=120, sequence_parallel_size=4)
Dataset load successfully
APPNP backend will use edge_index_csr.pt
Train nodes: 101605, Val nodes: 33869, Test nodes: 33869
Training iters: 1, Val iters: 1, Test iters: 1
Preprocess Stage 1 Time: 25.170s
Preprocess Stage 2 Time: 1.791s
Model params: 42735688
------------------------------------------------------------------------------------
Epoch: 000, Loss: 3.5357, Train Time: 2.122s, CPU->GPU Time: 0.047s, Window FW/BW Avg: 0.259s, Window FW/BW Total: 2.075s, Windows: 8, Max Window Steps: 8
Training epoch time: 2.122s
------------------------------------------------------------------------------------
epoch 0: lr = 2.00e-05
++++++++++++++++++++++++++++++++++++++++++++++++++++++++++++++++++++++++++++++++++++
Epoch: 000, train_acc: 20.27799%, valid_acc: 20.68422%, test_acc: 20.28889%, samples(train/valid/test)=(135758/45073/45138)
++++++++++++++++++++++++++++++++++++++++++++++++++++++++++++++++++++++++++++++++++++
------------------------------------------------------------------------------------
Epoch: 001, Loss: 3.1408, Train Time: 1.870s, CPU->GPU Time: 0.043s, Window FW/BW Avg: 0.228s, Window FW/BW Total: 1.826s, Windows: 8, Max Window Steps: 8
Training epoch time: 1.870s
------------------------------------------------------------------------------------
------------------------------------------------------------------------------------
Epoch: 002, Loss: 3.0387, Train Time: 1.871s, CPU->GPU Time: 0.043s, Window FW/BW Avg: 0.228s, Window FW/BW Total: 1.827s, Windows: 8, Max Window Steps: 8
Training epoch time: 1.871s
------------------------------------------------------------------------------------
------------------------------------------------------------------------------------
Epoch: 003, Loss: 2.8059, Train Time: 1.897s, CPU->GPU Time: 0.050s, Window FW/BW Avg: 0.231s, Window FW/BW Total: 1.846s, Windows: 8, Max Window Steps: 8
Training epoch time: 1.897s
------------------------------------------------------------------------------------
------------------------------------------------------------------------------------
Epoch: 004, Loss: 2.5374, Train Time: 1.875s, CPU->GPU Time: 0.042s, Window FW/BW Avg: 0.229s, Window FW/BW Total: 1.832s, Windows: 8, Max Window Steps: 8
Training epoch time: 1.875s
------------------------------------------------------------------------------------
------------------------------------------------------------------------------------
Epoch: 005, Loss: 2.5437, Train Time: 1.878s, CPU->GPU Time: 0.042s, Window FW/BW Avg: 0.229s, Window FW/BW Total: 1.835s, Windows: 8, Max Window Steps: 8
Training epoch time: 1.878s
------------------------------------------------------------------------------------
------------------------------------------------------------------------------------
Epoch: 006, Loss: 2.4969, Train Time: 1.876s, CPU->GPU Time: 0.042s, Window FW/BW Avg: 0.229s, Window FW/BW Total: 1.834s, Windows: 8, Max Window Steps: 8
Training epoch time: 1.876s
------------------------------------------------------------------------------------
------------------------------------------------------------------------------------
Epoch: 007, Loss: 2.4842, Train Time: 1.890s, CPU->GPU Time: 0.040s, Window FW/BW Avg: 0.231s, Window FW/BW Total: 1.850s, Windows: 8, Max Window Steps: 8
Training epoch time: 1.890s
------------------------------------------------------------------------------------
------------------------------------------------------------------------------------
Epoch: 008, Loss: 2.5034, Train Time: 1.886s, CPU->GPU Time: 0.057s, Window FW/BW Avg: 0.229s, Window FW/BW Total: 1.828s, Windows: 8, Max Window Steps: 8
Training epoch time: 1.886s
------------------------------------------------------------------------------------
------------------------------------------------------------------------------------
Epoch: 009, Loss: 2.2639, Train Time: 1.877s, CPU->GPU Time: 0.042s, Window FW/BW Avg: 0.229s, Window FW/BW Total: 1.835s, Windows: 8, Max Window Steps: 8
Training epoch time: 1.877s
------------------------------------------------------------------------------------
------------------------------------------------------------------------------------
Epoch: 010, Loss: 2.2742, Train Time: 1.885s, CPU->GPU Time: 0.041s, Window FW/BW Avg: 0.230s, Window FW/BW Total: 1.843s, Windows: 8, Max Window Steps: 8
Training epoch time: 1.885s
------------------------------------------------------------------------------------
------------------------------------------------------------------------------------
Epoch: 011, Loss: 2.1658, Train Time: 1.888s, CPU->GPU Time: 0.042s, Window FW/BW Avg: 0.231s, Window FW/BW Total: 1.845s, Windows: 8, Max Window Steps: 8
Training epoch time: 1.888s
------------------------------------------------------------------------------------
------------------------------------------------------------------------------------
Epoch: 012, Loss: 2.1095, Train Time: 1.882s, CPU->GPU Time: 0.040s, Window FW/BW Avg: 0.230s, Window FW/BW Total: 1.841s, Windows: 8, Max Window Steps: 8
Training epoch time: 1.882s
------------------------------------------------------------------------------------
------------------------------------------------------------------------------------
Epoch: 013, Loss: 2.0490, Train Time: 1.884s, CPU->GPU Time: 0.040s, Window FW/BW Avg: 0.230s, Window FW/BW Total: 1.843s, Windows: 8, Max Window Steps: 8
Training epoch time: 1.884s
------------------------------------------------------------------------------------
------------------------------------------------------------------------------------
Epoch: 014, Loss: 1.9783, Train Time: 1.887s, CPU->GPU Time: 0.042s, Window FW/BW Avg: 0.231s, Window FW/BW Total: 1.845s, Windows: 8, Max Window Steps: 8
Training epoch time: 1.887s
------------------------------------------------------------------------------------
------------------------------------------------------------------------------------
Epoch: 015, Loss: 1.9750, Train Time: 1.898s, CPU->GPU Time: 0.057s, Window FW/BW Avg: 0.230s, Window FW/BW Total: 1.841s, Windows: 8, Max Window Steps: 8
Training epoch time: 1.898s
------------------------------------------------------------------------------------
------------------------------------------------------------------------------------
Epoch: 016, Loss: 1.9073, Train Time: 1.886s, CPU->GPU Time: 0.040s, Window FW/BW Avg: 0.231s, Window FW/BW Total: 1.845s, Windows: 8, Max Window Steps: 8
Training epoch time: 1.886s
------------------------------------------------------------------------------------
------------------------------------------------------------------------------------
Epoch: 017, Loss: 1.8997, Train Time: 1.888s, CPU->GPU Time: 0.041s, Window FW/BW Avg: 0.231s, Window FW/BW Total: 1.846s, Windows: 8, Max Window Steps: 8
Training epoch time: 1.888s
------------------------------------------------------------------------------------
------------------------------------------------------------------------------------
Epoch: 018, Loss: 1.8729, Train Time: 1.891s, CPU->GPU Time: 0.040s, Window FW/BW Avg: 0.231s, Window FW/BW Total: 1.850s, Windows: 8, Max Window Steps: 8
Training epoch time: 1.891s
------------------------------------------------------------------------------------
------------------------------------------------------------------------------------
Epoch: 019, Loss: 1.8439, Train Time: 1.889s, CPU->GPU Time: 0.040s, Window FW/BW Avg: 0.231s, Window FW/BW Total: 1.849s, Windows: 8, Max Window Steps: 8
Training epoch time: 1.889s
------------------------------------------------------------------------------------
Traceback (most recent call last):
Traceback (most recent call last):
[2026-04-17 14:06:33,854] torch.distributed.elastic.agent.server.api: [WARNING] Received Signals.SIGINT death signal, shutting down workers
  File "/home/hdd2/pengyt/project/yangmy/torchgt_npu/NeutronGT/main_sp_node_level_ppr.py", line 262, in <module>
  File "/home/hdd2/pengyt/project/yangmy/torchgt_npu/NeutronGT/main_sp_node_level_ppr.py", line 262, in <module>
Traceback (most recent call last):
Traceback (most recent call last):
  File "/home/hdd2/pengyt/project/yangmy/torchgt_npu/NeutronGT/main_sp_node_level_ppr.py", line 262, in <module>
  File "/home/hdd2/pengyt/project/yangmy/torchgt_npu/NeutronGT/main_sp_node_level_ppr.py", line 262, in <module>
[2026-04-17 14:06:33,854] torch.distributed.elastic.multiprocessing.api: [WARNING] Sending process 3702278 closing signal SIGINT
    main()
  File "/home/hdd2/pengyt/project/yangmy/torchgt_npu/NeutronGT/main_sp_node_level_ppr.py", line 196, in main
    main()

    loss_mean,scores_by_pid,updated_kv_cache,time_stats = train_epoch(args,model,local_partition_ids,local_partitions,feature,y,optimizer,lr_scheduler,seq_parallel_world_size,split_idx,device,
  File "/home/hdd2/pengyt/project/yangmy/torchgt_npu/NeutronGT/core/node_level_pipeline/train_eval.py", line 295, in train_epoch
    main()
  File "/home/hdd2/pengyt/project/yangmy/torchgt_npu/NeutronGT/main_sp_node_level_ppr.py", line 196, in main
[2026-04-17 14:06:33,855] torch.distributed.elastic.multiprocessing.api: [WARNING] Sending process 3702279 closing signal SIGINT
    dist.all_reduce(param.grad, op=dist.ReduceOp.SUM, group=get_sequence_parallel_group())

    loss_mean,scores_by_pid,updated_kv_cache,time_stats = train_epoch(args,model,local_partition_ids,local_partitions,feature,y,optimizer,lr_scheduler,seq_parallel_world_size,split_idx,device,
  File "/home/hdd2/pengyt/project/yangmy/torchgt_npu/NeutronGT/core/node_level_pipeline/train_eval.py", line 294, in train_epoch
    param.grad.div_(get_sequence_parallel_world_size())
[2026-04-17 14:06:33,855] torch.distributed.elastic.multiprocessing.api: [WARNING] Sending process 3702280 closing signal SIGINT
KeyboardInterrupt
Exception ignored in: <module 'threading' from '/home/hdd2/pengyt/softwares/miniconda/envs/gt/lib/python3.10/threading.py'>
Traceback (most recent call last):
  File "/home/hdd2/pengyt/softwares/miniconda/envs/gt/lib/python3.10/threading.py", line 1518, in _shutdown
[2026-04-17 14:06:33,855] torch.distributed.elastic.multiprocessing.api: [WARNING] Sending process 3702281 closing signal SIGINT
  File "/home/hdd2/pengyt/project/yangmy/torchgt_npu/NeutronGT/main_sp_node_level_ppr.py", line 196, in main
    loss_mean,scores_by_pid,updated_kv_cache,time_stats = train_epoch(args,model,local_partition_ids,local_partitions,feature,y,optimizer,lr_scheduler,seq_parallel_world_size,split_idx,device,
  File "/home/hdd2/pengyt/project/yangmy/torchgt_npu/NeutronGT/core/node_level_pipeline/train_eval.py", line 294, in train_epoch
    param.grad.div_(get_sequence_parallel_world_size())
KeyboardInterrupt
    def _shutdown():
KeyboardInterrupt: 
[2026-04-17 14:06:34,011] torch.distributed.elastic.multiprocessing.api: [WARNING] Sending process 3702278 closing signal SIGTERM
[2026-04-17 14:06:34,011] torch.distributed.elastic.multiprocessing.api: [WARNING] Sending process 3702279 closing signal SIGTERM
[2026-04-17 14:06:34,011] torch.distributed.elastic.multiprocessing.api: [WARNING] Sending process 3702280 closing signal SIGTERM
[2026-04-17 14:06:34,012] torch.distributed.elastic.multiprocessing.api: [WARNING] Sending process 3702281 closing signal SIGTERM
Traceback (most recent call last):
  File "/home/hdd2/pengyt/softwares/miniconda/envs/gt/lib/python3.10/site-packages/torch/distributed/elastic/agent/server/api.py", line 736, in run
    result = self._invoke_run(role)
  File "/home/hdd2/pengyt/softwares/miniconda/envs/gt/lib/python3.10/site-packages/torch/distributed/elastic/agent/server/api.py", line 877, in _invoke_run
    time.sleep(monitor_interval)
  File "/home/hdd2/pengyt/softwares/miniconda/envs/gt/lib/python3.10/site-packages/torch/distributed/elastic/multiprocessing/api.py", line 62, in _terminate_process_handler
    raise SignalException(f"Process {os.getpid()} got signal: {sigval}", sigval=sigval)
torch.distributed.elastic.multiprocessing.api.SignalException: Process 3702167 got signal: 2

During handling of the above exception, another exception occurred:

Traceback (most recent call last):
  File "/home/hdd2/pengyt/softwares/miniconda/envs/gt/lib/python3.10/site-packages/torch/distributed/elastic/agent/server/api.py", line 743, in run
    self._shutdown(e.sigval)
  File "/home/hdd2/pengyt/softwares/miniconda/envs/gt/lib/python3.10/site-packages/torch/distributed/elastic/agent/server/local_elastic_agent.py", line 289, in _shutdown
    self._pcontext.close(death_sig)
  File "/home/hdd2/pengyt/softwares/miniconda/envs/gt/lib/python3.10/site-packages/torch/distributed/elastic/multiprocessing/api.py", line 331, in close
    self._close(death_sig=death_sig, timeout=timeout)
  File "/home/hdd2/pengyt/softwares/miniconda/envs/gt/lib/python3.10/site-packages/torch/distributed/elastic/multiprocessing/api.py", line 713, in _close
    handler.proc.wait(time_to_wait)
  File "/home/hdd2/pengyt/softwares/miniconda/envs/gt/lib/python3.10/subprocess.py", line 1209, in wait
    return self._wait(timeout=timeout)
  File "/home/hdd2/pengyt/softwares/miniconda/envs/gt/lib/python3.10/subprocess.py", line 1953, in _wait
    time.sleep(delay)
  File "/home/hdd2/pengyt/softwares/miniconda/envs/gt/lib/python3.10/site-packages/torch/distributed/elastic/multiprocessing/api.py", line 62, in _terminate_process_handler
    raise SignalException(f"Process {os.getpid()} got signal: {sigval}", sigval=sigval)
torch.distributed.elastic.multiprocessing.api.SignalException: Process 3702167 got signal: 2

During handling of the above exception, another exception occurred:

Traceback (most recent call last):
  File "/home/hdd2/pengyt/softwares/miniconda/envs/gt/bin/torchrun", line 33, in <module>
    sys.exit(load_entry_point('torch==2.1.2', 'console_scripts', 'torchrun')())
  File "/home/hdd2/pengyt/softwares/miniconda/envs/gt/lib/python3.10/site-packages/torch/distributed/elastic/multiprocessing/errors/__init__.py", line 346, in wrapper
    return f(*args, **kwargs)
  File "/home/hdd2/pengyt/softwares/miniconda/envs/gt/lib/python3.10/site-packages/torch/distributed/run.py", line 806, in main
    run(args)
  File "/home/hdd2/pengyt/softwares/miniconda/envs/gt/lib/python3.10/site-packages/torch/distributed/run.py", line 797, in run
    elastic_launch(
  File "/home/hdd2/pengyt/softwares/miniconda/envs/gt/lib/python3.10/site-packages/torch/distributed/launcher/api.py", line 134, in __call__
    return launch_agent(self._config, self._entrypoint, list(args))
  File "/home/hdd2/pengyt/softwares/miniconda/envs/gt/lib/python3.10/site-packages/torch/distributed/launcher/api.py", line 255, in launch_agent
    result = agent.run()
  File "/home/hdd2/pengyt/softwares/miniconda/envs/gt/lib/python3.10/site-packages/torch/distributed/elastic/metrics/api.py", line 124, in wrapper
    result = f(*args, **kwargs)
  File "/home/hdd2/pengyt/softwares/miniconda/envs/gt/lib/python3.10/site-packages/torch/distributed/elastic/agent/server/api.py", line 748, in run
    self._shutdown()
  File "/home/hdd2/pengyt/softwares/miniconda/envs/gt/lib/python3.10/site-packages/torch/distributed/elastic/agent/server/local_elastic_agent.py", line 289, in _shutdown
    self._pcontext.close(death_sig)
  File "/home/hdd2/pengyt/softwares/miniconda/envs/gt/lib/python3.10/site-packages/torch/distributed/elastic/multiprocessing/api.py", line 331, in close
    self._close(death_sig=death_sig, timeout=timeout)
  File "/home/hdd2/pengyt/softwares/miniconda/envs/gt/lib/python3.10/site-packages/torch/distributed/elastic/multiprocessing/api.py", line 713, in _close
    handler.proc.wait(time_to_wait)
  File "/home/hdd2/pengyt/softwares/miniconda/envs/gt/lib/python3.10/subprocess.py", line 1209, in wait
    return self._wait(timeout=timeout)
  File "/home/hdd2/pengyt/softwares/miniconda/envs/gt/lib/python3.10/subprocess.py", line 1953, in _wait
    time.sleep(delay)
  File "/home/hdd2/pengyt/softwares/miniconda/envs/gt/lib/python3.10/site-packages/torch/distributed/elastic/multiprocessing/api.py", line 62, in _terminate_process_handler
    raise SignalException(f"Process {os.getpid()} got signal: {sigval}", sigval=sigval)
torch.distributed.elastic.multiprocessing.api.SignalException: Process 3702167 got signal: 2
